[2025-07-25T08:39:31.739+0000] {manager.py:470} INFO - Processing files using up to 2 processes at a time 
[2025-07-25T08:39:31.756+0000] {manager.py:471} INFO - Process each file at most once every 30 seconds
[2025-07-25T08:39:31.764+0000] {manager.py:472} INFO - Checking for new files in /opt/airflow/dags every 300 seconds
[2025-07-25T08:39:31.767+0000] {manager.py:737} INFO - Searching for files in /opt/airflow/dags
[2025-07-25T08:39:31.868+0000] {manager.py:740} INFO - There are 1 files in /opt/airflow/dags
[2025-07-25T08:39:32.950+0000] {manager.py:878} INFO - 
================================================================================
DAG File Processing Stats

File Path                                PID  Runtime      # DAGs    # Errors  Last Runtime    Last Run
-------------------------------------  -----  ---------  --------  ----------  --------------  ----------
/opt/airflow/dags/yfinance_etl_dag.py    159  0.38s             0           0
================================================================================
[2025-07-25T08:40:03.360+0000] {manager.py:878} INFO - 
================================================================================
DAG File Processing Stats

File Path                              PID    Runtime      # DAGs    # Errors  Last Runtime    Last Run
-------------------------------------  -----  ---------  --------  ----------  --------------  -------------------
/opt/airflow/dags/yfinance_etl_dag.py                           0           1  2.16s           2025-07-25T08:39:34
================================================================================
[2025-07-25T08:40:34.260+0000] {manager.py:878} INFO - 
================================================================================
DAG File Processing Stats

File Path                              PID    Runtime      # DAGs    # Errors  Last Runtime    Last Run
-------------------------------------  -----  ---------  --------  ----------  --------------  -------------------
/opt/airflow/dags/yfinance_etl_dag.py                           0           1  0.77s           2025-07-25T08:40:05
================================================================================
[2025-07-25T08:41:04.975+0000] {manager.py:878} INFO - 
================================================================================
DAG File Processing Stats

File Path                              PID    Runtime      # DAGs    # Errors  Last Runtime    Last Run
-------------------------------------  -----  ---------  --------  ----------  --------------  -------------------
/opt/airflow/dags/yfinance_etl_dag.py                           0           1  1.69s           2025-07-25T08:40:39
================================================================================
[2025-07-25T08:41:36.018+0000] {manager.py:878} INFO - 
================================================================================
DAG File Processing Stats

File Path                              PID    Runtime      # DAGs    # Errors  Last Runtime    Last Run
-------------------------------------  -----  ---------  --------  ----------  --------------  -------------------
/opt/airflow/dags/yfinance_etl_dag.py                           0           1  0.99s           2025-07-25T08:41:11
================================================================================
[2025-07-25T08:42:06.709+0000] {manager.py:878} INFO - 
================================================================================
DAG File Processing Stats

File Path                              PID    Runtime      # DAGs    # Errors  Last Runtime    Last Run
-------------------------------------  -----  ---------  --------  ----------  --------------  -------------------
/opt/airflow/dags/yfinance_etl_dag.py                           0           1  0.33s           2025-07-25T08:41:42
================================================================================
[2025-07-25T08:42:37.386+0000] {manager.py:878} INFO - 
================================================================================
DAG File Processing Stats

File Path                              PID    Runtime      # DAGs    # Errors  Last Runtime    Last Run
-------------------------------------  -----  ---------  --------  ----------  --------------  -------------------
/opt/airflow/dags/yfinance_etl_dag.py                           0           1  0.31s           2025-07-25T08:42:13
================================================================================
[2025-07-25T08:43:07.737+0000] {manager.py:878} INFO - 
================================================================================
DAG File Processing Stats

File Path                              PID    Runtime      # DAGs    # Errors  Last Runtime    Last Run
-------------------------------------  -----  ---------  --------  ----------  --------------  -------------------
/opt/airflow/dags/yfinance_etl_dag.py                           0           1  3.90s           2025-07-25T08:42:47
================================================================================
[2025-07-25T08:43:38.614+0000] {manager.py:878} INFO - 
================================================================================
DAG File Processing Stats

File Path                              PID    Runtime      # DAGs    # Errors  Last Runtime    Last Run
-------------------------------------  -----  ---------  --------  ----------  --------------  -------------------
/opt/airflow/dags/yfinance_etl_dag.py                           0           1  0.44s           2025-07-25T08:43:18
================================================================================
[2025-07-25T08:44:09.103+0000] {manager.py:878} INFO - 
================================================================================
DAG File Processing Stats

File Path                              PID    Runtime      # DAGs    # Errors  Last Runtime    Last Run
-------------------------------------  -----  ---------  --------  ----------  --------------  -------------------
/opt/airflow/dags/yfinance_etl_dag.py                           0           1  0.52s           2025-07-25T08:43:49
================================================================================
[2025-07-25T08:44:32.039+0000] {manager.py:737} INFO - Searching for files in /opt/airflow/dags
[2025-07-25T08:44:32.077+0000] {manager.py:740} INFO - There are 1 files in /opt/airflow/dags
[2025-07-25T08:44:39.760+0000] {manager.py:878} INFO - 
================================================================================
DAG File Processing Stats

File Path                              PID    Runtime      # DAGs    # Errors  Last Runtime    Last Run
-------------------------------------  -----  ---------  --------  ----------  --------------  -------------------
/opt/airflow/dags/yfinance_etl_dag.py                           0           1  0.78s           2025-07-25T08:44:20
================================================================================
[2025-07-25T08:45:10.669+0000] {manager.py:878} INFO - 
================================================================================
DAG File Processing Stats

File Path                              PID    Runtime      # DAGs    # Errors  Last Runtime    Last Run
-------------------------------------  -----  ---------  --------  ----------  --------------  -------------------
/opt/airflow/dags/yfinance_etl_dag.py                           0           1  1.74s           2025-07-25T08:44:53
================================================================================
[2025-07-25T08:45:41.332+0000] {manager.py:878} INFO - 
================================================================================
DAG File Processing Stats

File Path                              PID    Runtime      # DAGs    # Errors  Last Runtime    Last Run
-------------------------------------  -----  ---------  --------  ----------  --------------  -------------------
/opt/airflow/dags/yfinance_etl_dag.py                           0           1  0.42s           2025-07-25T08:45:24
================================================================================
[2025-07-25T08:46:12.291+0000] {manager.py:878} INFO - 
================================================================================
DAG File Processing Stats

File Path                              PID    Runtime      # DAGs    # Errors  Last Runtime    Last Run
-------------------------------------  -----  ---------  --------  ----------  --------------  -------------------
/opt/airflow/dags/yfinance_etl_dag.py                           0           1  0.28s           2025-07-25T08:45:54
================================================================================
[2025-07-25T08:46:42.859+0000] {manager.py:878} INFO - 
================================================================================
DAG File Processing Stats

File Path                              PID    Runtime      # DAGs    # Errors  Last Runtime    Last Run
-------------------------------------  -----  ---------  --------  ----------  --------------  -------------------
/opt/airflow/dags/yfinance_etl_dag.py                           0           1  0.18s           2025-07-25T08:46:25
================================================================================
[2025-07-25T09:50:15.463+0000] {manager.py:470} INFO - Processing files using up to 2 processes at a time 
[2025-07-25T09:50:15.477+0000] {manager.py:471} INFO - Process each file at most once every 30 seconds
[2025-07-25T09:50:15.478+0000] {manager.py:472} INFO - Checking for new files in /opt/airflow/dags every 300 seconds
[2025-07-25T09:50:15.482+0000] {manager.py:737} INFO - Searching for files in /opt/airflow/dags
[2025-07-25T09:50:15.567+0000] {manager.py:740} INFO - There are 1 files in /opt/airflow/dags
[2025-07-25T09:50:16.277+0000] {manager.py:878} INFO - 
================================================================================
DAG File Processing Stats

File Path                                PID  Runtime      # DAGs    # Errors  Last Runtime    Last Run
-------------------------------------  -----  ---------  --------  ----------  --------------  ----------
/opt/airflow/dags/yfinance_etl_dag.py    159  0.35s             0           0
================================================================================
[2025-07-25T09:50:46.737+0000] {manager.py:878} INFO - 
================================================================================
DAG File Processing Stats

File Path                                PID  Runtime      # DAGs    # Errors  Last Runtime    Last Run
-------------------------------------  -----  ---------  --------  ----------  --------------  -------------------
/opt/airflow/dags/yfinance_etl_dag.py    165  0.02s             0           1  0.54s           2025-07-25T09:50:16
================================================================================
[2025-07-25T09:51:16.920+0000] {manager.py:878} INFO - 
================================================================================
DAG File Processing Stats

File Path                              PID    Runtime      # DAGs    # Errors  Last Runtime    Last Run
-------------------------------------  -----  ---------  --------  ----------  --------------  -------------------
/opt/airflow/dags/yfinance_etl_dag.py                           0           1  0.61s           2025-07-25T09:50:47
================================================================================
[2025-07-25T09:51:47.717+0000] {manager.py:878} INFO - 
================================================================================
DAG File Processing Stats

File Path                              PID    Runtime      # DAGs    # Errors  Last Runtime    Last Run
-------------------------------------  -----  ---------  --------  ----------  --------------  -------------------
/opt/airflow/dags/yfinance_etl_dag.py                           0           1  0.50s           2025-07-25T09:51:18
================================================================================
[2025-07-25T09:52:18.223+0000] {manager.py:878} INFO - 
================================================================================
DAG File Processing Stats

File Path                              PID    Runtime      # DAGs    # Errors  Last Runtime    Last Run
-------------------------------------  -----  ---------  --------  ----------  --------------  -------------------
/opt/airflow/dags/yfinance_etl_dag.py                           0           1  0.18s           2025-07-25T09:51:48
================================================================================
[2025-07-25T09:52:48.574+0000] {manager.py:878} INFO - 
================================================================================
DAG File Processing Stats

File Path                              PID    Runtime      # DAGs    # Errors  Last Runtime    Last Run
-------------------------------------  -----  ---------  --------  ----------  --------------  -------------------
/opt/airflow/dags/yfinance_etl_dag.py                           0           1  0.15s           2025-07-25T09:52:19
================================================================================
[2025-07-25T09:53:19.106+0000] {manager.py:878} INFO - 
================================================================================
DAG File Processing Stats

File Path                              PID    Runtime      # DAGs    # Errors  Last Runtime    Last Run
-------------------------------------  -----  ---------  --------  ----------  --------------  -------------------
/opt/airflow/dags/yfinance_etl_dag.py                           0           1  0.15s           2025-07-25T09:52:50
================================================================================
[2025-07-25T09:53:49.542+0000] {manager.py:878} INFO - 
================================================================================
DAG File Processing Stats

File Path                              PID    Runtime      # DAGs    # Errors  Last Runtime    Last Run
-------------------------------------  -----  ---------  --------  ----------  --------------  -------------------
/opt/airflow/dags/yfinance_etl_dag.py                           0           1  0.16s           2025-07-25T09:53:21
================================================================================
[2025-07-25T09:54:20.014+0000] {manager.py:878} INFO - 
================================================================================
DAG File Processing Stats

File Path                              PID    Runtime      # DAGs    # Errors  Last Runtime    Last Run
-------------------------------------  -----  ---------  --------  ----------  --------------  -------------------
/opt/airflow/dags/yfinance_etl_dag.py                           0           1  0.24s           2025-07-25T09:53:51
================================================================================
[2025-07-25T09:54:50.358+0000] {manager.py:878} INFO - 
================================================================================
DAG File Processing Stats

File Path                              PID    Runtime      # DAGs    # Errors  Last Runtime    Last Run
-------------------------------------  -----  ---------  --------  ----------  --------------  -------------------
/opt/airflow/dags/yfinance_etl_dag.py                           0           1  0.13s           2025-07-25T09:54:22
================================================================================
[2025-07-25T09:55:15.806+0000] {manager.py:737} INFO - Searching for files in /opt/airflow/dags
[2025-07-25T09:55:15.935+0000] {manager.py:740} INFO - There are 1 files in /opt/airflow/dags
[2025-07-25T09:55:21.081+0000] {manager.py:878} INFO - 
================================================================================
DAG File Processing Stats

File Path                              PID    Runtime      # DAGs    # Errors  Last Runtime    Last Run
-------------------------------------  -----  ---------  --------  ----------  --------------  -------------------
/opt/airflow/dags/yfinance_etl_dag.py                           0           1  0.19s           2025-07-25T09:54:52
================================================================================
[2025-07-25T09:55:51.611+0000] {manager.py:878} INFO - 
================================================================================
DAG File Processing Stats

File Path                              PID    Runtime      # DAGs    # Errors  Last Runtime    Last Run
-------------------------------------  -----  ---------  --------  ----------  --------------  -------------------
/opt/airflow/dags/yfinance_etl_dag.py                           0           1  0.35s           2025-07-25T09:55:23
================================================================================
[2025-07-25T09:56:22.122+0000] {manager.py:878} INFO - 
================================================================================
DAG File Processing Stats

File Path                              PID    Runtime      # DAGs    # Errors  Last Runtime    Last Run
-------------------------------------  -----  ---------  --------  ----------  --------------  -------------------
/opt/airflow/dags/yfinance_etl_dag.py                           0           1  0.19s           2025-07-25T09:55:53
================================================================================
[2025-07-25T09:56:52.577+0000] {manager.py:878} INFO - 
================================================================================
DAG File Processing Stats

File Path                              PID    Runtime      # DAGs    # Errors  Last Runtime    Last Run
-------------------------------------  -----  ---------  --------  ----------  --------------  -------------------
/opt/airflow/dags/yfinance_etl_dag.py                           0           1  0.34s           2025-07-25T09:56:24
================================================================================
[2025-07-25T09:57:22.880+0000] {manager.py:878} INFO - 
================================================================================
DAG File Processing Stats

File Path                              PID    Runtime      # DAGs    # Errors  Last Runtime    Last Run
-------------------------------------  -----  ---------  --------  ----------  --------------  -------------------
/opt/airflow/dags/yfinance_etl_dag.py                           0           1  0.17s           2025-07-25T09:56:54
================================================================================
[2025-07-25T09:57:53.361+0000] {manager.py:878} INFO - 
================================================================================
DAG File Processing Stats

File Path                              PID    Runtime      # DAGs    # Errors  Last Runtime    Last Run
-------------------------------------  -----  ---------  --------  ----------  --------------  -------------------
/opt/airflow/dags/yfinance_etl_dag.py                           0           1  0.15s           2025-07-25T09:57:25
================================================================================
[2025-07-25T09:58:23.758+0000] {manager.py:878} INFO - 
================================================================================
DAG File Processing Stats

File Path                              PID    Runtime      # DAGs    # Errors  Last Runtime    Last Run
-------------------------------------  -----  ---------  --------  ----------  --------------  -------------------
/opt/airflow/dags/yfinance_etl_dag.py                           0           1  0.24s           2025-07-25T09:57:55
================================================================================
[2025-07-25T09:58:54.130+0000] {manager.py:878} INFO - 
================================================================================
DAG File Processing Stats

File Path                              PID    Runtime      # DAGs    # Errors  Last Runtime    Last Run
-------------------------------------  -----  ---------  --------  ----------  --------------  -------------------
/opt/airflow/dags/yfinance_etl_dag.py                           0           1  0.17s           2025-07-25T09:58:26
================================================================================
[2025-07-25T09:59:24.681+0000] {manager.py:878} INFO - 
================================================================================
DAG File Processing Stats

File Path                              PID    Runtime      # DAGs    # Errors  Last Runtime    Last Run
-------------------------------------  -----  ---------  --------  ----------  --------------  -------------------
/opt/airflow/dags/yfinance_etl_dag.py                           0           1  0.17s           2025-07-25T09:58:56
================================================================================
[2025-07-25T09:59:55.176+0000] {manager.py:878} INFO - 
================================================================================
DAG File Processing Stats

File Path                              PID    Runtime      # DAGs    # Errors  Last Runtime    Last Run
-------------------------------------  -----  ---------  --------  ----------  --------------  -------------------
/opt/airflow/dags/yfinance_etl_dag.py                           0           1  0.29s           2025-07-25T09:59:27
================================================================================
[2025-07-25T10:00:16.488+0000] {manager.py:737} INFO - Searching for files in /opt/airflow/dags
[2025-07-25T10:00:16.540+0000] {manager.py:740} INFO - There are 1 files in /opt/airflow/dags
[2025-07-25T10:00:25.766+0000] {manager.py:878} INFO - 
================================================================================
DAG File Processing Stats

File Path                              PID    Runtime      # DAGs    # Errors  Last Runtime    Last Run
-------------------------------------  -----  ---------  --------  ----------  --------------  -------------------
/opt/airflow/dags/yfinance_etl_dag.py                           0           1  0.17s           2025-07-25T09:59:57
================================================================================
